# JRE version: OpenJDK Runtime Environment (8.0_242-b01) (build 1.8.0_242-release-1644-b01)
# Java VM: OpenJDK 64-Bit Server VM (25.242-b01 mixed mode windows-amd64 compressed oops)
Heap:
 PSYoungGen      total 106496K, used 104806K [0x00000000d5580000, 0x00000000dd800000, 0x0000000100000000)
  eden space 87040K, 99% used [0x00000000d5580000,0x00000000daa7d3f8,0x00000000daa80000)
  from space 19456K, 91% used [0x00000000dc000000,0x00000000dd15c510,0x00000000dd300000)
  to   space 22016K, 91% used [0x00000000daa80000,0x00000000dbe37908,0x00000000dc000000)
 ParOldGen       total 91648K, used 71985K [0x0000000080000000, 0x0000000085980000, 0x00000000d5580000)
  object space 91648K, 78% used [0x0000000080000000,0x000000008464c468,0x0000000085980000)
 Metaspace       used 86870K, capacity 91346K, committed 91544K, reserved 1128448K
  class space    used 11770K, capacity 12653K, committed 12720K, reserved 1048576K
GC Heap History (10 events):
Event: 149.747 GC heap after
Heap after GC invocations=36 (full 4):
 PSYoungGen      total 82432K, used 14310K [0x00000000d5580000, 0x00000000dbe80000, 0x0000000100000000)
  eden space 62464K, 0% used [0x00000000d5580000,0x00000000d5580000,0x00000000d9280000)
  from space 19968K, 71% used [0x00000000da700000,0x00000000db4f99f0,0x00000000dba80000)
  to   space 20992K, 0% used [0x00000000d9280000,0x00000000d9280000,0x00000000da700000)
 ParOldGen       total 91648K, used 52116K [0x0000000080000000, 0x0000000085980000, 0x00000000d5580000)
  object space 91648K, 56% used [0x0000000080000000,0x00000000832e5258,0x0000000085980000)
 Metaspace       used 76487K, capacity 79812K, committed 80152K, reserved 1118208K
  class space    used 10314K, capacity 10954K, committed 11056K, reserved 1048576K
}
Event: 152.393 GC heap before
{Heap before GC invocations=37 (full 4):
 PSYoungGen      total 82432K, used 76774K [0x00000000d5580000, 0x00000000dbe80000, 0x0000000100000000)
  eden space 62464K, 100% used [0x00000000d5580000,0x00000000d9280000,0x00000000d9280000)
  from space 19968K, 71% used [0x00000000da700000,0x00000000db4f99f0,0x00000000dba80000)
  to   space 20992K, 0% used [0x00000000d9280000,0x00000000d9280000,0x00000000da700000)
 ParOldGen       total 91648K, used 52116K [0x0000000080000000, 0x0000000085980000, 0x00000000d5580000)
  object space 91648K, 56% used [0x0000000080000000,0x00000000832e5258,0x0000000085980000)
 Metaspace       used 77253K, capacity 80564K, committed 80664K, reserved 1118208K
  class space    used 10384K, capacity 11002K, committed 11056K, reserved 1048576K
Event: 152.424 GC heap after
Heap after GC invocations=37 (full 4):
 PSYoungGen      total 83456K, used 6798K [0x00000000d5580000, 0x00000000dc400000, 0x0000000100000000)
  eden space 62464K, 0% used [0x00000000d5580000,0x00000000d5580000,0x00000000d9280000)
  from space 20992K, 32% used [0x00000000d9280000,0x00000000d9923898,0x00000000da700000)
  to   space 19968K, 0% used [0x00000000db080000,0x00000000db080000,0x00000000dc400000)
 ParOldGen       total 91648K, used 61237K [0x0000000080000000, 0x0000000085980000, 0x00000000d5580000)
  object space 91648K, 66% used [0x0000000080000000,0x0000000083bcd670,0x0000000085980000)
 Metaspace       used 77253K, capacity 80564K, committed 80664K, reserved 1118208K
  class space    used 10384K, capacity 11002K, committed 11056K, reserved 1048576K
}
Event: 152.918 GC heap before
{Heap before GC invocations=38 (full 4):
 PSYoungGen      total 83456K, used 69262K [0x00000000d5580000, 0x00000000dc400000, 0x0000000100000000)
  eden space 62464K, 100% used [0x00000000d5580000,0x00000000d9280000,0x00000000d9280000)
  from space 20992K, 32% used [0x00000000d9280000,0x00000000d9923898,0x00000000da700000)
  to   space 19968K, 0% used [0x00000000db080000,0x00000000db080000,0x00000000dc400000)
 ParOldGen       total 91648K, used 61237K [0x0000000080000000, 0x0000000085980000, 0x00000000d5580000)
  object space 91648K, 66% used [0x0000000080000000,0x0000000083bcd670,0x0000000085980000)
 Metaspace       used 77254K, capacity 80564K, committed 80664K, reserved 1118208K
  class space    used 10384K, capacity 11002K, committed 11056K, reserved 1048576K
Event: 152.983 GC heap after
Heap after GC invocations=38 (full 4):
 PSYoungGen      total 93696K, used 6636K [0x00000000d5580000, 0x00000000dc680000, 0x0000000100000000)
  eden space 73728K, 0% used [0x00000000d5580000,0x00000000d5580000,0x00000000d9d80000)
  from space 19968K, 33% used [0x00000000db080000,0x00000000db6fb3e0,0x00000000dc400000)
  to   space 19456K, 0% used [0x00000000d9d80000,0x00000000d9d80000,0x00000000db080000)
 ParOldGen       total 91648K, used 62955K [0x0000000080000000, 0x0000000085980000, 0x00000000d5580000)
  object space 91648K, 68% used [0x0000000080000000,0x0000000083d7ac70,0x0000000085980000)
 Metaspace       used 77254K, capacity 80564K, committed 80664K, reserved 1118208K
  class space    used 10384K, capacity 11002K, committed 11056K, reserved 1048576K
}
Event: 155.425 GC heap before
{Heap before GC invocations=39 (full 4):
 PSYoungGen      total 93696K, used 80364K [0x00000000d5580000, 0x00000000dc680000, 0x0000000100000000)
  eden space 73728K, 100% used [0x00000000d5580000,0x00000000d9d80000,0x00000000d9d80000)
  from space 19968K, 33% used [0x00000000db080000,0x00000000db6fb3e0,0x00000000dc400000)
  to   space 19456K, 0% used [0x00000000d9d80000,0x00000000d9d80000,0x00000000db080000)
 ParOldGen       total 91648K, used 62955K [0x0000000080000000, 0x0000000085980000, 0x00000000d5580000)
  object space 91648K, 68% used [0x0000000080000000,0x0000000083d7ac70,0x0000000085980000)
 Metaspace       used 77529K, capacity 80800K, committed 80920K, reserved 1120256K
  class space    used 10430K, capacity 11036K, committed 11056K, reserved 1048576K
Event: 155.446 GC heap after
Heap after GC invocations=39 (full 4):
 PSYoungGen      total 93184K, used 12226K [0x00000000d5580000, 0x00000000dd300000, 0x0000000100000000)
  eden space 73728K, 0% used [0x00000000d5580000,0x00000000d5580000,0x00000000d9d80000)
  from space 19456K, 62% used [0x00000000d9d80000,0x00000000da970b08,0x00000000db080000)
  to   space 19456K, 0% used [0x00000000dc000000,0x00000000dc000000,0x00000000dd300000)
 ParOldGen       total 91648K, used 64308K [0x0000000080000000, 0x0000000085980000, 0x00000000d5580000)
  object space 91648K, 70% used [0x0000000080000000,0x0000000083ecd2f8,0x0000000085980000)
 Metaspace       used 77529K, capacity 80800K, committed 80920K, reserved 1120256K
  class space    used 10430K, capacity 11036K, committed 11056K, reserved 1048576K
}
Event: 161.052 GC heap before
{Heap before GC invocations=40 (full 4):
 PSYoungGen      total 93184K, used 85954K [0x00000000d5580000, 0x00000000dd300000, 0x0000000100000000)
  eden space 73728K, 100% used [0x00000000d5580000,0x00000000d9d80000,0x00000000d9d80000)
  from space 19456K, 62% used [0x00000000d9d80000,0x00000000da970b08,0x00000000db080000)
  to   space 19456K, 0% used [0x00000000dc000000,0x00000000dc000000,0x00000000dd300000)
 ParOldGen       total 91648K, used 64308K [0x0000000080000000, 0x0000000085980000, 0x00000000d5580000)
  object space 91648K, 70% used [0x0000000080000000,0x0000000083ecd2f8,0x0000000085980000)
 Metaspace       used 84432K, capacity 88462K, committed 88728K, reserved 1126400K
  class space    used 11539K, capacity 12341K, committed 12464K, reserved 1048576K
Event: 161.133 GC heap after
Heap after GC invocations=40 (full 4):
 PSYoungGen      total 106496K, used 17777K [0x00000000d5580000, 0x00000000dd800000, 0x0000000100000000)
  eden space 87040K, 0% used [0x00000000d5580000,0x00000000d5580000,0x00000000daa80000)
  from space 19456K, 91% used [0x00000000dc000000,0x00000000dd15c510,0x00000000dd300000)
  to   space 22016K, 0% used [0x00000000daa80000,0x00000000daa80000,0x00000000dc000000)
 ParOldGen       total 91648K, used 69612K [0x0000000080000000, 0x0000000085980000, 0x00000000d5580000)
  object space 91648K, 75% used [0x0000000080000000,0x00000000843fb368,0x0000000085980000)
 Metaspace       used 84432K, capacity 88462K, committed 88728K, reserved 1126400K
  class space    used 11539K, capacity 12341K, committed 12464K, reserved 1048576K
}
Event: 164.329 GC heap before
{Heap before GC invocations=41 (full 4):
 PSYoungGen      total 106496K, used 104806K [0x00000000d5580000, 0x00000000dd800000, 0x0000000100000000)
  eden space 87040K, 99% used [0x00000000d5580000,0x00000000daa7d3f8,0x00000000daa80000)
  from space 19456K, 91% used [0x00000000dc000000,0x00000000dd15c510,0x00000000dd300000)
  to   space 22016K, 0% used [0x00000000daa80000,0x00000000daa80000,0x00000000dc000000)
 ParOldGen       total 91648K, used 69612K [0x0000000080000000, 0x0000000085980000, 0x00000000d5580000)
  object space 91648K, 75% used [0x0000000080000000,0x00000000843fb368,0x0000000085980000)
 Metaspace       used 86870K, capacity 91346K, committed 91544K, reserved 1128448K
  class space    used 11770K, capacity 12653K, committed 12720K, reserved 1048576K

